#
# An unexpected error has been detected by Java Runtime Environment:
#
#  EXCEPTION_ACCESS_VIOLATION (0xc0000005) at pc=0x6d8b72f4, pid=120, tid=1728
#
# Java VM: Java HotSpot(TM) Client VM (1.6.0-beta2-b86 mixed mode, sharing)
# Problematic frame:
# V  [jvm.dll+0xc72f4]
#
# If you would like to submit a bug report, please visit:
#   http://java.sun.com/webapps/bugreport/crash.jsp
#

---------------  T H R E A D  ---------------

Current thread (0x03283c00):  JavaThread "Java2D Disposer" daemon [_thread_in_vm, id=1728]

siginfo: ExceptionCode=0xc0000005, reading address 0x0001b660

Registers:
EAX=0x2c810e48, EBX=0x0028f8e4, ECX=0x00006d91, EDX=0x00000000
ESP=0x0367fa60, EBP=0x0028f8e0, ESI=0x03283c00, EDI=0x0327f100
EIP=0x6d8b72f4, EFLAGS=0x00010203

Top of Stack: (sp=0x0367fa60)
0x0367fa60:   0327f3e4 0367fc18 03283ce4 03283c00
0x0367fa70:   0028f8e4 00000003 24017eb8 02cb57b0
0x0367fa80:   02cb57b8 02cb5ba4 00000016 0028f8ec
0x0367fa90:   6d7f7ea0 2c810420 03283c00 24017eb8
0x0367faa0:   0367fc50 6d961a0d 0367fc50 0028f8dc
0x0367fab0:   0367fafc 0028f8e0 0028f8dc 6d92b612
0x0367fac0:   00285508 0000002b 6d8a8900 6d8a8930
0x0367fad0:   00b71baa 03283c00 0028f8dc 000014dd 

Instructions: (pc=0x6d8b72f4)
0x6d8b72e4:   d0 00 00 00 8b 03 8b 50 08 0f b7 4a 22 8b 50 0c
0x6d8b72f4:   8b 44 8a 1c 50 56 8d 4c 24 30 e8 6d a7 0a 00 8b 


Stack: [0x03630000,0x03680000),  sp=0x0367fa60,  free space=318k
Native frames: (J=compiled Java code, j=interpreted, Vv=VM code, C=native code)
V  [jvm.dll+0xc72f4]

Java frames: (J=compiled Java code, j=interpreted, Vv=VM code)
j  java.awt.Cursor.finalizeImpl(J)V+0
j  java.awt.Cursor.access$000(J)V+1
j  java.awt.Cursor$CursorDisposer.dispose()V+4
j  sun.java2d.Disposer.run()V+26
j  java.lang.Thread.run()V+11
v  ~StubRoutines::call_stub

---------------  P R O C E S S  ---------------

Java Threads: ( => current thread )
  0x02fea000 JavaThread "Image Fetcher 1" daemon [_thread_blocked, id=2636]
  0x03101800 JavaThread "Thread-2" [_thread_blocked, id=2564]
  0x02fdec00 JavaThread "Image Fetcher 0" daemon [_thread_in_vm, id=2476]
  0x02d31000 JavaThread "TimerQueue" daemon [_thread_blocked, id=2780]
  0x032a0000 JavaThread "Abandoned connection cleanup thread" daemon [_thread_blocked, id=284]
  0x00286c00 JavaThread "DestroyJavaVM" [_thread_blocked, id=1440]
  0x0329bc00 JavaThread "AWT-EventQueue-0" [_thread_blocked, id=628]
  0x03299400 JavaThread "AWT-Shutdown" [_thread_blocked, id=2956]
=>0x03283c00 JavaThread "Java2D Disposer" daemon [_thread_in_vm, id=1728]
  0x02cb3400 JavaThread "Low Memory Detector" daemon [_thread_blocked, id=1472]
  0x02cb0800 JavaThread "CompilerThread0" daemon [_thread_blocked, id=192]
  0x02caf800 JavaThread "Attach Listener" daemon [_thread_blocked, id=268]
  0x02cae800 JavaThread "Signal Dispatcher" daemon [_thread_blocked, id=3400]
  0x02c71c00 JavaThread "Finalizer" daemon [_thread_blocked, id=1804]
  0x02c6d800 JavaThread "Reference Handler" daemon [_thread_blocked, id=1436]

Other Threads:
  0x02c64400 VMThread [id=2080]
  0x02cb4800 WatcherThread [id=2044]

VM state:not at safepoint (normal execution)

VM Mutex/Monitor currently owned by a thread: None

Heap
 def new generation   total 1152K, used 42K [0x24010000, 0x24150000, 0x244f0000)
  eden space 1024K,   4% used [0x24010000, 0x2401abe8, 0x24110000)
  from space 128K,   0% used [0x24110000, 0x24110000, 0x24130000)
  to   space 128K,   0% used [0x24130000, 0x24130000, 0x24150000)
 tenured generation   total 14876K, used 8924K [0x244f0000, 0x25377000, 0x28010000)
   the space 14876K,  59% used [0x244f0000, 0x24da7160, 0x24da7200, 0x25377000)
 compacting perm gen  total 12288K, used 4050K [0x28010000, 0x28c10000, 0x2c010000)
   the space 12288K,  32% used [0x28010000, 0x28404848, 0x28404a00, 0x28c10000)
    ro space 8192K,  67% used [0x2c010000, 0x2c575520, 0x2c575600, 0x2c810000)
    rw space 12288K,  56% used [0x2c810000, 0x2cedc188, 0x2cedc200, 0x2d410000)

Dynamic libraries:
0x00400000 - 0x00423000 	C:\Program Files\Java\jdk1.6.0\bin\java.exe
0x7c900000 - 0x7c9b0000 	C:\WINDOWS\system32\ntdll.dll
0x7c800000 - 0x7c8f4000 	C:\WINDOWS\system32\kernel32.dll
0x77dd0000 - 0x77e6b000 	C:\WINDOWS\system32\ADVAPI32.dll
0x77e70000 - 0x77f01000 	C:\WINDOWS\system32\RPCRT4.dll
0x10000000 - 0x1000e000 	C:\PROGRAM FILES\NET PROTECTOR 2012\ZvFort.Dll
0x44400000 - 0x44423000 	C:\WINDOWS\system32\ZVEXESCN.DLL
0x7e410000 - 0x7e4a0000 	C:\WINDOWS\system32\user32.dll
0x77f10000 - 0x77f57000 	C:\WINDOWS\system32\GDI32.dll
0x77120000 - 0x771ac000 	C:\WINDOWS\system32\oleaut32.dll
0x77c10000 - 0x77c68000 	C:\WINDOWS\system32\msvcrt.dll
0x774e0000 - 0x7761c000 	C:\WINDOWS\system32\ole32.dll
0x77f60000 - 0x77fd6000 	C:\WINDOWS\system32\SHLWAPI.dll
0x7c340000 - 0x7c396000 	C:\Program Files\Java\jdk1.6.0\jre\bin\msvcr71.dll
0x6d7f0000 - 0x6da2f000 	C:\Program Files\Java\jdk1.6.0\jre\bin\client\jvm.dll
0x76b40000 - 0x76b6d000 	C:\WINDOWS\system32\WINMM.dll
0x6d310000 - 0x6d318000 	C:\Program Files\Java\jdk1.6.0\jre\bin\hpi.dll
0x76bf0000 - 0x76bfb000 	C:\WINDOWS\system32\PSAPI.DLL
0x6d7a0000 - 0x6d7ac000 	C:\Program Files\Java\jdk1.6.0\jre\bin\verify.dll
0x6d3a0000 - 0x6d3bf000 	C:\Program Files\Java\jdk1.6.0\jre\bin\java.dll
0x6d7e0000 - 0x6d7ef000 	C:\Program Files\Java\jdk1.6.0\jre\bin\zip.dll
0x6d000000 - 0x6d1c2000 	C:\Program Files\Java\jdk1.6.0\jre\bin\awt.dll
0x73000000 - 0x73026000 	C:\WINDOWS\system32\WINSPOOL.DRV
0x76390000 - 0x763ad000 	C:\WINDOWS\system32\IMM32.dll
0x5ad70000 - 0x5ada8000 	C:\WINDOWS\system32\uxtheme.dll
0x73760000 - 0x737a9000 	C:\WINDOWS\system32\ddraw.dll
0x73bc0000 - 0x73bc6000 	C:\WINDOWS\system32\DCIMAN32.dll
0x74720000 - 0x7476b000 	C:\WINDOWS\system32\MSCTF.dll
0x7c9c0000 - 0x7d1d6000 	C:\WINDOWS\system32\shell32.dll
0x773d0000 - 0x774d2000 	C:\WINDOWS\WinSxS\x86_Microsoft.Windows.Common-Controls_6595b64144ccf1df_6.0.2600.2180_x-ww_a84f1ff9\comctl32.dll
0x5d090000 - 0x5d127000 	C:\WINDOWS\system32\comctl32.dll
0x6d2b0000 - 0x6d302000 	C:\Program Files\Java\jdk1.6.0\jre\bin\fontmanager.dll
0x6d440000 - 0x6d464000 	C:\Program Files\Java\jdk1.6.0\jre\bin\jpeg.dll
0x6d560000 - 0x6d573000 	C:\Program Files\Java\jdk1.6.0\jre\bin\net.dll
0x71ab0000 - 0x71ac7000 	C:\WINDOWS\system32\WS2_32.dll
0x71aa0000 - 0x71aa8000 	C:\WINDOWS\system32\WS2HELP.dll
0x6d580000 - 0x6d589000 	C:\Program Files\Java\jdk1.6.0\jre\bin\nio.dll
0x71a50000 - 0x71a8f000 	C:\WINDOWS\System32\mswsock.dll
0x76f20000 - 0x76f47000 	C:\WINDOWS\system32\DNSAPI.dll
0x76fb0000 - 0x76fb8000 	C:\WINDOWS\System32\winrnr.dll
0x76f60000 - 0x76f8c000 	C:\WINDOWS\system32\WLDAP32.dll
0x76fc0000 - 0x76fc6000 	C:\WINDOWS\system32\rasadhlp.dll
0x662b0000 - 0x66308000 	C:\WINDOWS\system32\hnetcfg.dll
0x71a90000 - 0x71a98000 	C:\WINDOWS\System32\wshtcpip.dll

VM Arguments:
jvm_args: -Dfile.encoding=UTF-8
java_command: gen.mainclass.MainClass
Launcher Type: SUN_STANDARD

Environment Variables:
PATH=C:\Program Files\Java\jdk1.6.0\bin;C:\Program Files\Seagate Software\NOTES\;C:\Program Files\Seagate Software\NOTES\DATA\;C:\WINDOWS\system32;C:\WINDOWS;C:\WINDOWS\System32\Wbem;C:\Program Files\Intel\DMIX;
USERNAME=Kasturi NovaSoft
OS=Windows_NT
PROCESSOR_IDENTIFIER=x86 Family 6 Model 23 Stepping 6, GenuineIntel



---------------  S Y S T E M  ---------------

OS: Windows XP Build 2600 Service Pack 2

CPU:total 2 family 6, cmov, cx8, fxsr, mmx, sse, sse2

Memory: 4k page, physical 2084812k(1013328k free), swap 4023344k(3053272k free)

vm_info: Java HotSpot(TM) Client VM (1.6.0-beta2-b86) for windows-x86, built on Jun  2 2006 00:36:31 by "java_re" with unknown MS VC++:1310

